<?xml version="1.0" encoding="UTF-8"?>
<!-- Generated by org.testng.reporters.JUnitXMLReporter -->
<testsuite hostname="C02X25MMJG5M" ignored="0" name="Command line test" tests="2" failures="0" timestamp="29 Jan 2019 15:47:02 GMT" time="105.657" errors="0">
  <testcase name="feature" time="94.6" classname="cucumber.api.testng.AbstractTestNGCucumberTests"/>
  <testcase name="feature" time="10.863" classname="cucumber.api.testng.AbstractTestNGCucumberTests"/>
</testsuite> <!-- Command line test -->
