<?xml version="1.0" encoding="UTF-8"?>
<testng-results skipped="0" failed="0" ignored="0" total="1" passed="1">
  <reporter-output>
  </reporter-output>
  <suite name="Default suite" duration-ms="29145" started-at="2019-01-29T10:48:01Z" finished-at="2019-01-29T10:48:30Z">
    <groups>
      <group name="MyHomeTest">
        <method signature="APMTraverseTest.verify_APM_Login()[pri:1, instance:com.my.home.test.Selenium.test.APMTraverseTest@587d1d39]" name="verify_APM_Login" class="com.my.home.test.Selenium.test.APMTraverseTest"/>
      </group> <!-- MyHomeTest -->
    </groups>
    <test name="Default test" duration-ms="29145" started-at="2019-01-29T10:48:01Z" finished-at="2019-01-29T10:48:30Z">
      <class name="com.my.home.test.Selenium.test.APMTraverseTest">
        <test-method status="PASS" signature="setup()[pri:0, instance:com.my.home.test.Selenium.test.APMTraverseTest@587d1d39]" name="setup" is-config="true" duration-ms="2273" started-at="2019-01-29T10:48:01Z" finished-at="2019-01-29T10:48:03Z">
          <reporter-output>
          </reporter-output>
        </test-method> <!-- setup -->
        <test-method status="PASS" signature="verify_APM_Login()[pri:1, instance:com.my.home.test.Selenium.test.APMTraverseTest@587d1d39]" name="verify_APM_Login" duration-ms="26855" started-at="2019-01-29T10:48:03Z" finished-at="2019-01-29T10:48:30Z">
          <reporter-output>
          </reporter-output>
        </test-method> <!-- verify_APM_Login -->
      </class> <!-- com.my.home.test.Selenium.test.APMTraverseTest -->
    </test> <!-- Default test -->
  </suite> <!-- Default suite -->
</testng-results>
