<?xml version="1.0" encoding="UTF-8"?>
<testng-results skipped="0" failed="0" ignored="0" total="1" passed="1">
  <reporter-output>
  </reporter-output>
  <suite name="Command line suite" duration-ms="21" started-at="2019-01-29T15:47:02Z" finished-at="2019-01-29T15:47:02Z">
    <groups>
    </groups>
    <test name="Command line test" duration-ms="21" started-at="2019-01-29T15:47:02Z" finished-at="2019-01-29T15:47:02Z">
      <class name="com.my.home.test.seleniumCucumber.AppTest">
        <test-method status="PASS" signature="testApp()" name="testApp" duration-ms="5" started-at="2019-01-29T15:47:02Z" finished-at="2019-01-29T15:47:02Z">
          <reporter-output>
          </reporter-output>
        </test-method> <!-- testApp -->
      </class> <!-- com.my.home.test.seleniumCucumber.AppTest -->
    </test> <!-- Command line test -->
  </suite> <!-- Command line suite -->
</testng-results>
