<?xml version="1.0" encoding="UTF-8"?>
<testng-results skipped="0" failed="0" ignored="0" total="2" passed="2">
  <reporter-output>
  </reporter-output>
  <suite name="Command line suite" duration-ms="105657" started-at="2019-01-29T15:45:16Z" finished-at="2019-01-29T15:47:02Z">
    <groups>
      <group name="cucumber">
        <method signature="AbstractTestNGCucumberTests.feature(cucumber.api.testng.CucumberFeatureWrapper)[pri:0, instance:com.my.home.test.Selenium.test.TestNgIntegration@36f6e879]" name="feature" class="cucumber.api.testng.AbstractTestNGCucumberTests"/>
      </group> <!-- cucumber -->
    </groups>
    <test name="Command line test" duration-ms="105657" started-at="2019-01-29T15:45:16Z" finished-at="2019-01-29T15:47:02Z">
      <class name="com.my.home.test.Selenium.test.TestNgIntegration">
        <test-method status="PASS" signature="setUpClass()[pri:0, instance:com.my.home.test.Selenium.test.TestNgIntegration@36f6e879]" name="setUpClass" is-config="true" duration-ms="125" started-at="2019-01-29T15:45:16Z" finished-at="2019-01-29T15:45:16Z">
          <reporter-output>
          </reporter-output>
        </test-method> <!-- setUpClass -->
        <test-method status="PASS" signature="feature(cucumber.api.testng.CucumberFeatureWrapper)[pri:0, instance:com.my.home.test.Selenium.test.TestNgIntegration@36f6e879]" name="feature" duration-ms="94600" started-at="2019-01-29T15:45:16Z" description="Runs Cucumber Feature" data-provider="features" finished-at="2019-01-29T15:46:51Z">
          <params>
            <param index="0">
              <value>
                <![CDATA[Title of your feature]]>
              </value>
            </param>
          </params>
          <reporter-output>
          </reporter-output>
        </test-method> <!-- feature -->
        <test-method status="PASS" signature="feature(cucumber.api.testng.CucumberFeatureWrapper)[pri:0, instance:com.my.home.test.Selenium.test.TestNgIntegration@36f6e879]" name="feature" duration-ms="10863" started-at="2019-01-29T15:46:51Z" description="Runs Cucumber Feature" data-provider="features" finished-at="2019-01-29T15:47:02Z">
          <params>
            <param index="0">
              <value>
                <![CDATA[Title of your feature]]>
              </value>
            </param>
          </params>
          <reporter-output>
          </reporter-output>
        </test-method> <!-- feature -->
        <test-method status="PASS" signature="tearDownClass()[pri:0, instance:com.my.home.test.Selenium.test.TestNgIntegration@36f6e879]" name="tearDownClass" is-config="true" duration-ms="5" started-at="2019-01-29T15:47:02Z" finished-at="2019-01-29T15:47:02Z">
          <reporter-output>
          </reporter-output>
        </test-method> <!-- tearDownClass -->
      </class> <!-- com.my.home.test.Selenium.test.TestNgIntegration -->
    </test> <!-- Command line test -->
  </suite> <!-- Command line suite -->
</testng-results>
